<?xml version="1.0" encoding="UTF-8"?>
<testsuite name="HelloWorldTest" tests="3" skipped="0" failures="0" errors="0" timestamp="2016-03-02T17:10:51" hostname="MER2AL-217549" time="0.003">
  <properties/>
  <testcase name="helloNoName" classname="HelloWorldTest" time="0.002"/>
  <testcase name="helloSampleName" classname="HelloWorldTest" time="0.0"/>
  <testcase name="helloAnotherSampleName" classname="HelloWorldTest" time="0.001"/>
  <system-out><![CDATA[]]></system-out>
  <system-err><![CDATA[]]></system-err>
</testsuite>
